<?xml version="1.0" encoding="UTF-8"?>
<testsuite xmlns:xsi="http://www.w3.org/2001/XMLSchema-instance" xsi:noNamespaceSchemaLocation="https://maven.apache.org/surefire/maven-surefire-plugin/xsd/surefire-test-report-3.0.xsd" version="3.0" name="com.nad.tester.LoginTest" time="3.951" tests="2" errors="0" skipped="0" failures="0">
  <properties>
[...]
</properties>
  <testcase name="testLogin" classname="com.nad.tester.LoginTest" time="0.5"/>
  <testcase name="testLoginErr1" classname="com.nad.tester.LoginTest" time="0.28"/>
</testsuite>